
---- Session started: 2025-10-28 11:24:24 ----
R version: R version 4.4.3 (2025-02-28 ucrt)
Git commit: 4f0dba9
Project: C:/Users/zindelj/OneDrive - ETH Zurich/TizzuLab/peritoneal-patency
Loaded packages: tidyverse, readxl, here, janitor, ggpubr, patchwork

---- Session started: 2025-10-28 11:27:51 ----
R version: R version 4.4.3 (2025-02-28 ucrt)
Git commit: 4f0dba9
Project: C:/Users/zindelj/OneDrive - ETH Zurich/TizzuLab/peritoneal-patency
Loaded packages: tidyverse, readxl, here, janitor, ggpubr, patchwork

---- Session started: 2025-10-28 11:52:31 ----
R version: R version 4.4.3 (2025-02-28 ucrt)
Git commit: d04c43f
Project: C:/Users/zindelj/OneDrive - ETH Zurich/TizzuLab/peritoneal-patency
Loaded packages: tidyverse, readxl, here, janitor, ggpubr, patchwork

---- Session started: 2025-10-28 11:57:47 ----
R version: R version 4.4.3 (2025-02-28 ucrt)
Git commit: d04c43f
Project: C:/Users/zindelj/OneDrive - ETH Zurich/TizzuLab/peritoneal-patency
Loaded packages: tidyverse, readxl, here, janitor, ggpubr, patchwork

---- Session started: 2025-10-28 13:19:20 ----
R version: R version 4.4.3 (2025-02-28 ucrt)
Git commit: d04c43f
Project: C:/Users/zindelj/OneDrive - ETH Zurich/TizzuLab/peritoneal-patency
Loaded packages: tidyverse, readxl, here, janitor, ggpubr, patchwork

---- Session started: 2025-10-28 13:26:01 ----
R version: R version 4.4.3 (2025-02-28 ucrt)
Git commit: d04c43f
Project: C:/Users/zindelj/OneDrive - ETH Zurich/TizzuLab/peritoneal-patency
Loaded packages: tidyverse, readxl, here, janitor, ggpubr, patchwork

---- Session started: 2025-10-28 13:27:04 ----
R version: R version 4.4.3 (2025-02-28 ucrt)
Git commit: d04c43f
Project: C:/Users/zindelj/OneDrive - ETH Zurich/TizzuLab/peritoneal-patency
Loaded packages: tidyverse, readxl, here, janitor, ggpubr, patchwork

---- Session started: 2025-10-28 13:29:49 ----
R version: R version 4.4.3 (2025-02-28 ucrt)
Git commit: d04c43f
Project: C:/Users/zindelj/OneDrive - ETH Zurich/TizzuLab/peritoneal-patency
Loaded packages: tidyverse, readxl, here, janitor, ggpubr, patchwork

---- Session started: 2025-10-28 13:34:30 ----
R version: R version 4.4.3 (2025-02-28 ucrt)
Git commit: d04c43f
Project: C:/Users/zindelj/OneDrive - ETH Zurich/TizzuLab/peritoneal-patency
Loaded packages: tidyverse, readxl, here, janitor, ggpubr, patchwork

---- Session started: 2025-10-28 13:43:05 ----
R version: R version 4.4.3 (2025-02-28 ucrt)
Git commit: 72ae569
Project: C:/Users/zindelj/OneDrive - ETH Zurich/TizzuLab/peritoneal-patency
Loaded packages: tidyverse, readxl, here, janitor, ggpubr, patchwork

---- Session started: 2025-10-28 13:44:57 ----
R version: R version 4.4.3 (2025-02-28 ucrt)
Git commit: 72ae569
Project: C:/Users/zindelj/OneDrive - ETH Zurich/TizzuLab/peritoneal-patency
Loaded packages: tidyverse, readxl, here, janitor, ggpubr, patchwork

---- Session started: 2025-10-28 13:49:29 ----
R version: R version 4.4.3 (2025-02-28 ucrt)
Git commit: 72ae569
Project: C:/Users/zindelj/OneDrive - ETH Zurich/TizzuLab/peritoneal-patency
Loaded packages: tidyverse, readxl, here, janitor, ggpubr, patchwork
